<?xml version="1.0" encoding="UTF-8"?>
<!-- Generated by org.testng.reporters.JUnitReportReporter -->
<testsuite hostname="DESKTOP-ASPSPKV" failures="0" tests="11" name="runners.TestRunner" time="94.129" errors="0" timestamp="2025-09-07T23:48:23 IST" skipped="0">
  <testcase classname="runners.TestRunner" name="runScenario" time="7.549"/>
  <testcase classname="runners.TestRunner" name="runScenario" time="11.040"/>
  <testcase classname="runners.TestRunner" name="runScenario" time="8.287"/>
  <testcase classname="runners.TestRunner" name="runScenario" time="8.189"/>
  <testcase classname="runners.TestRunner" name="runScenario" time="12.018"/>
  <testcase classname="runners.TestRunner" name="runScenario" time="7.887"/>
  <testcase classname="runners.TestRunner" name="runScenario" time="7.772"/>
  <testcase classname="runners.TestRunner" name="runScenario" time="7.793"/>
  <testcase classname="runners.TestRunner" name="runScenario" time="7.711"/>
  <testcase classname="runners.TestRunner" name="runScenario" time="7.942"/>
  <testcase classname="runners.TestRunner" name="runScenario" time="7.941"/>
</testsuite> <!-- runners.TestRunner -->
