<?xml version="1.0" encoding="UTF-8"?>
<!-- Generated by org.testng.reporters.JUnitReportReporter -->
<testsuite hostname="Kiran_Kumar" failures="0" tests="11" name="runners.TestRunner" time="131.776" errors="0" timestamp="2025-09-06T15:25:08 IST" skipped="0">
  <testcase classname="runners.TestRunner" name="runScenario" time="14.057"/>
  <testcase classname="runners.TestRunner" name="runScenario" time="16.290"/>
  <testcase classname="runners.TestRunner" name="runScenario" time="15.682"/>
  <testcase classname="runners.TestRunner" name="runScenario" time="8.946"/>
  <testcase classname="runners.TestRunner" name="runScenario" time="9.775"/>
  <testcase classname="runners.TestRunner" name="runScenario" time="7.855"/>
  <testcase classname="runners.TestRunner" name="runScenario" time="13.250"/>
  <testcase classname="runners.TestRunner" name="runScenario" time="10.434"/>
  <testcase classname="runners.TestRunner" name="runScenario" time="11.351"/>
  <testcase classname="runners.TestRunner" name="runScenario" time="14.307"/>
  <testcase classname="runners.TestRunner" name="runScenario" time="9.829"/>
</testsuite> <!-- runners.TestRunner -->
